Analysis & Synthesis report for SAP1
Tue Apr 13 22:53:11 2021
Quartus Prime Version 20.1.0 Build 711 06/05/2020 SJ Lite Edition


---------------------
; Table of Contents ;
---------------------
  1. Legal Notice
  2. Analysis & Synthesis Summary
  3. Analysis & Synthesis Settings
  4. Parallel Compilation
  5. Analysis & Synthesis Source Files Read
  6. Analysis & Synthesis Resource Usage Summary
  7. Analysis & Synthesis Resource Utilization by Entity
  8. General Register Statistics
  9. Multiplexer Restructuring Statistics (Restructuring Performed)
 10. Parameter Settings for User Entity Instance: Top-level Entity: |SAP1
 11. Parameter Settings for User Entity Instance: registrador:mar
 12. Parameter Settings for User Entity Instance: registrador:acc
 13. Parameter Settings for User Entity Instance: registrador:reg_b
 14. Parameter Settings for User Entity Instance: alu:ula
 15. Parameter Settings for User Entity Instance: program_counter:PC
 16. Parameter Settings for User Entity Instance: memoria:memory
 17. Parameter Settings for User Entity Instance: control_unit:cu
 18. Parameter Settings for User Entity Instance: registrador:ir
 19. Parameter Settings for User Entity Instance: output_register:out_reg
 20. Parameter Settings for User Entity Instance: bus_mux:multiplex_bar
 21. Post-Synthesis Netlist Statistics for Top Partition
 22. Elapsed Time Per Partition
 23. Analysis & Synthesis Messages



----------------
; Legal Notice ;
----------------
Copyright (C) 2020  Intel Corporation. All rights reserved.
Your use of Intel Corporation's design tools, logic functions 
and other software and tools, and any partner logic 
functions, and any output files from any of the foregoing 
(including device programming or simulation files), and any 
associated documentation or information are expressly subject 
to the terms and conditions of the Intel Program License 
Subscription Agreement, the Intel Quartus Prime License Agreement,
the Intel FPGA IP License Agreement, or other applicable license
agreement, including, without limitation, that your use is for
the sole purpose of programming logic devices manufactured by
Intel and sold by Intel or its authorized distributors.  Please
refer to the applicable agreement for further details, at
https://fpgasoftware.intel.com/eula.



+----------------------------------------------------------------------------------+
; Analysis & Synthesis Summary                                                     ;
+------------------------------------+---------------------------------------------+
; Analysis & Synthesis Status        ; Successful - Tue Apr 13 22:53:11 2021       ;
; Quartus Prime Version              ; 20.1.0 Build 711 06/05/2020 SJ Lite Edition ;
; Revision Name                      ; SAP1                                        ;
; Top-level Entity Name              ; SAP1                                        ;
; Family                             ; Cyclone IV E                                ;
; Total logic elements               ; 131                                         ;
;     Total combinational functions  ; 103                                         ;
;     Dedicated logic registers      ; 43                                          ;
; Total registers                    ; 43                                          ;
; Total pins                         ; 18                                          ;
; Total virtual pins                 ; 0                                           ;
; Total memory bits                  ; 0                                           ;
; Embedded Multiplier 9-bit elements ; 0                                           ;
; Total PLLs                         ; 0                                           ;
+------------------------------------+---------------------------------------------+


+------------------------------------------------------------------------------------------------------------+
; Analysis & Synthesis Settings                                                                              ;
+------------------------------------------------------------------+--------------------+--------------------+
; Option                                                           ; Setting            ; Default Value      ;
+------------------------------------------------------------------+--------------------+--------------------+
; Device                                                           ; EP4CE30F23C7       ;                    ;
; Top-level entity name                                            ; SAP1               ; SAP1               ;
; Family name                                                      ; Cyclone IV E       ; Cyclone V          ;
; VHDL Show LMF Mapping Messages                                   ; Off                ;                    ;
; VHDL Version                                                     ; VHDL_2008          ; VHDL_1993          ;
; Use smart compilation                                            ; Off                ; Off                ;
; Enable parallel Assembler and Timing Analyzer during compilation ; On                 ; On                 ;
; Enable compact report table                                      ; Off                ; Off                ;
; Restructure Multiplexers                                         ; Auto               ; Auto               ;
; Create Debugging Nodes for IP Cores                              ; Off                ; Off                ;
; Preserve fewer node names                                        ; On                 ; On                 ;
; Intel FPGA IP Evaluation Mode                                    ; Enable             ; Enable             ;
; Verilog Version                                                  ; Verilog_2001       ; Verilog_2001       ;
; State Machine Processing                                         ; Auto               ; Auto               ;
; Safe State Machine                                               ; Off                ; Off                ;
; Extract Verilog State Machines                                   ; On                 ; On                 ;
; Extract VHDL State Machines                                      ; On                 ; On                 ;
; Ignore Verilog initial constructs                                ; Off                ; Off                ;
; Iteration limit for constant Verilog loops                       ; 5000               ; 5000               ;
; Iteration limit for non-constant Verilog loops                   ; 250                ; 250                ;
; Add Pass-Through Logic to Inferred RAMs                          ; On                 ; On                 ;
; Infer RAMs from Raw Logic                                        ; On                 ; On                 ;
; Parallel Synthesis                                               ; On                 ; On                 ;
; DSP Block Balancing                                              ; Auto               ; Auto               ;
; NOT Gate Push-Back                                               ; On                 ; On                 ;
; Power-Up Don't Care                                              ; On                 ; On                 ;
; Remove Redundant Logic Cells                                     ; Off                ; Off                ;
; Remove Duplicate Registers                                       ; On                 ; On                 ;
; Ignore CARRY Buffers                                             ; Off                ; Off                ;
; Ignore CASCADE Buffers                                           ; Off                ; Off                ;
; Ignore GLOBAL Buffers                                            ; Off                ; Off                ;
; Ignore ROW GLOBAL Buffers                                        ; Off                ; Off                ;
; Ignore LCELL Buffers                                             ; Off                ; Off                ;
; Ignore SOFT Buffers                                              ; On                 ; On                 ;
; Limit AHDL Integers to 32 Bits                                   ; Off                ; Off                ;
; Optimization Technique                                           ; Balanced           ; Balanced           ;
; Carry Chain Length                                               ; 70                 ; 70                 ;
; Auto Carry Chains                                                ; On                 ; On                 ;
; Auto Open-Drain Pins                                             ; On                 ; On                 ;
; Perform WYSIWYG Primitive Resynthesis                            ; Off                ; Off                ;
; Auto ROM Replacement                                             ; On                 ; On                 ;
; Auto RAM Replacement                                             ; On                 ; On                 ;
; Auto DSP Block Replacement                                       ; On                 ; On                 ;
; Auto Shift Register Replacement                                  ; Auto               ; Auto               ;
; Allow Shift Register Merging across Hierarchies                  ; Auto               ; Auto               ;
; Auto Clock Enable Replacement                                    ; On                 ; On                 ;
; Strict RAM Replacement                                           ; Off                ; Off                ;
; Allow Synchronous Control Signals                                ; On                 ; On                 ;
; Force Use of Synchronous Clear Signals                           ; Off                ; Off                ;
; Auto RAM Block Balancing                                         ; On                 ; On                 ;
; Auto RAM to Logic Cell Conversion                                ; Off                ; Off                ;
; Auto Resource Sharing                                            ; Off                ; Off                ;
; Allow Any RAM Size For Recognition                               ; Off                ; Off                ;
; Allow Any ROM Size For Recognition                               ; Off                ; Off                ;
; Allow Any Shift Register Size For Recognition                    ; Off                ; Off                ;
; Use LogicLock Constraints during Resource Balancing              ; On                 ; On                 ;
; Ignore translate_off and synthesis_off directives                ; Off                ; Off                ;
; Timing-Driven Synthesis                                          ; On                 ; On                 ;
; Report Parameter Settings                                        ; On                 ; On                 ;
; Report Source Assignments                                        ; On                 ; On                 ;
; Report Connectivity Checks                                       ; On                 ; On                 ;
; Ignore Maximum Fan-Out Assignments                               ; Off                ; Off                ;
; Synchronization Register Chain Length                            ; 2                  ; 2                  ;
; Power Optimization During Synthesis                              ; Normal compilation ; Normal compilation ;
; HDL message level                                                ; Level2             ; Level2             ;
; Suppress Register Optimization Related Messages                  ; Off                ; Off                ;
; Number of Removed Registers Reported in Synthesis Report         ; 5000               ; 5000               ;
; Number of Swept Nodes Reported in Synthesis Report               ; 5000               ; 5000               ;
; Number of Inverted Registers Reported in Synthesis Report        ; 100                ; 100                ;
; Clock MUX Protection                                             ; On                 ; On                 ;
; Auto Gated Clock Conversion                                      ; Off                ; Off                ;
; Block Design Naming                                              ; Auto               ; Auto               ;
; SDC constraint protection                                        ; Off                ; Off                ;
; Synthesis Effort                                                 ; Auto               ; Auto               ;
; Shift Register Replacement - Allow Asynchronous Clear Signal     ; On                 ; On                 ;
; Pre-Mapping Resynthesis Optimization                             ; Off                ; Off                ;
; Analysis & Synthesis Message Level                               ; Medium             ; Medium             ;
; Disable Register Merging Across Hierarchies                      ; Auto               ; Auto               ;
; Resource Aware Inference For Block RAM                           ; On                 ; On                 ;
+------------------------------------------------------------------+--------------------+--------------------+


+------------------------------------------+
; Parallel Compilation                     ;
+----------------------------+-------------+
; Processors                 ; Number      ;
+----------------------------+-------------+
; Number detected on machine ; 2           ;
; Maximum allowed            ; 2           ;
;                            ;             ;
; Average used               ; 1.00        ;
; Maximum used               ; 2           ;
;                            ;             ;
; Usage by Processor         ; % Time Used ;
;     Processor 1            ; 100.0%      ;
;     Processor 2            ;   0.1%      ;
+----------------------------+-------------+


+-------------------------------------------------------------------------------------------------------------------------------------------------------+
; Analysis & Synthesis Source Files Read                                                                                                                ;
+----------------------------------+-----------------+-----------------+----------------------------------------------------------------------+---------+
; File Name with User-Entered Path ; Used in Netlist ; File Type       ; File Name with Absolute Path                                         ; Library ;
+----------------------------------+-----------------+-----------------+----------------------------------------------------------------------+---------+
; rtl/SAP1.vhd                     ; yes             ; User VHDL File  ; C:/Users/William_/Desktop/Projetos FPGA/SAP1/rtl/SAP1.vhd            ;         ;
; rtl/registrador.vhd              ; yes             ; User VHDL File  ; C:/Users/William_/Desktop/Projetos FPGA/SAP1/rtl/registrador.vhd     ;         ;
; rtl/alu.vhd                      ; yes             ; User VHDL File  ; C:/Users/William_/Desktop/Projetos FPGA/SAP1/rtl/alu.vhd             ;         ;
; rtl/program_counter.vhd          ; yes             ; User VHDL File  ; C:/Users/William_/Desktop/Projetos FPGA/SAP1/rtl/program_counter.vhd ;         ;
; rtl/memoria.vhd                  ; yes             ; User VHDL File  ; C:/Users/William_/Desktop/Projetos FPGA/SAP1/rtl/memoria.vhd         ;         ;
; rtl/control_unit.vhd             ; yes             ; User VHDL File  ; C:/Users/William_/Desktop/Projetos FPGA/SAP1/rtl/control_unit.vhd    ;         ;
; rtl/output_register.vhd          ; yes             ; User VHDL File  ; C:/Users/William_/Desktop/Projetos FPGA/SAP1/rtl/output_register.vhd ;         ;
; rtl/bus_mux.vhd                  ; yes             ; User VHDL File  ; C:/Users/William_/Desktop/Projetos FPGA/SAP1/rtl/bus_mux.vhd         ;         ;
+----------------------------------+-----------------+-----------------+----------------------------------------------------------------------+---------+


+--------------------------------------------------------+
; Analysis & Synthesis Resource Usage Summary            ;
+---------------------------------------------+----------+
; Resource                                    ; Usage    ;
+---------------------------------------------+----------+
; Estimated Total logic elements              ; 131      ;
;                                             ;          ;
; Total combinational functions               ; 103      ;
; Logic element usage by number of LUT inputs ;          ;
;     -- 4 input functions                    ; 61       ;
;     -- 3 input functions                    ; 33       ;
;     -- <=2 input functions                  ; 9        ;
;                                             ;          ;
; Logic elements by mode                      ;          ;
;     -- normal mode                          ; 89       ;
;     -- arithmetic mode                      ; 14       ;
;                                             ;          ;
; Total registers                             ; 43       ;
;     -- Dedicated logic registers            ; 43       ;
;     -- I/O registers                        ; 0        ;
;                                             ;          ;
; I/O pins                                    ; 18       ;
;                                             ;          ;
; Embedded Multiplier 9-bit elements          ; 0        ;
;                                             ;          ;
; Maximum fan-out node                        ; CK~input ;
; Maximum fan-out                             ; 43       ;
; Total fan-out                               ; 557      ;
; Average fan-out                             ; 3.06     ;
+---------------------------------------------+----------+


+--------------------------------------------------------------------------------------------------------------------------------------------------------------------------------------------------------------------------+
; Analysis & Synthesis Resource Utilization by Entity                                                                                                                                                                      ;
+------------------------------+---------------------+---------------------------+-------------+--------------+---------+-----------+------+--------------+-------------------------------+-----------------+--------------+
; Compilation Hierarchy Node   ; Combinational ALUTs ; Dedicated Logic Registers ; Memory Bits ; DSP Elements ; DSP 9x9 ; DSP 18x18 ; Pins ; Virtual Pins ; Full Hierarchy Name           ; Entity Name     ; Library Name ;
+------------------------------+---------------------+---------------------------+-------------+--------------+---------+-----------+------+--------------+-------------------------------+-----------------+--------------+
; |SAP1                        ; 103 (0)             ; 43 (0)                    ; 0           ; 0            ; 0       ; 0         ; 18   ; 0            ; |SAP1                         ; SAP1            ; work         ;
;    |alu:ula|                 ; 16 (16)             ; 0 (0)                     ; 0           ; 0            ; 0       ; 0         ; 0    ; 0            ; |SAP1|alu:ula                 ; alu             ; work         ;
;    |bus_mux:multiplex_bar|   ; 42 (42)             ; 0 (0)                     ; 0           ; 0            ; 0       ; 0         ; 0    ; 0            ; |SAP1|bus_mux:multiplex_bar   ; bus_mux         ; work         ;
;    |control_unit:cu|         ; 20 (20)             ; 3 (3)                     ; 0           ; 0            ; 0       ; 0         ; 0    ; 0            ; |SAP1|control_unit:cu         ; control_unit    ; work         ;
;    |memoria:memory|          ; 6 (6)               ; 0 (0)                     ; 0           ; 0            ; 0       ; 0         ; 0    ; 0            ; |SAP1|memoria:memory          ; memoria         ; work         ;
;    |output_register:out_reg| ; 14 (14)             ; 8 (8)                     ; 0           ; 0            ; 0       ; 0         ; 0    ; 0            ; |SAP1|output_register:out_reg ; output_register ; work         ;
;    |program_counter:PC|      ; 5 (5)               ; 4 (4)                     ; 0           ; 0            ; 0       ; 0         ; 0    ; 0            ; |SAP1|program_counter:PC      ; program_counter ; work         ;
;    |registrador:acc|         ; 0 (0)               ; 8 (8)                     ; 0           ; 0            ; 0       ; 0         ; 0    ; 0            ; |SAP1|registrador:acc         ; registrador     ; work         ;
;    |registrador:ir|          ; 0 (0)               ; 8 (8)                     ; 0           ; 0            ; 0       ; 0         ; 0    ; 0            ; |SAP1|registrador:ir          ; registrador     ; work         ;
;    |registrador:mar|         ; 0 (0)               ; 4 (4)                     ; 0           ; 0            ; 0       ; 0         ; 0    ; 0            ; |SAP1|registrador:mar         ; registrador     ; work         ;
;    |registrador:reg_b|       ; 0 (0)               ; 8 (8)                     ; 0           ; 0            ; 0       ; 0         ; 0    ; 0            ; |SAP1|registrador:reg_b       ; registrador     ; work         ;
+------------------------------+---------------------+---------------------------+-------------+--------------+---------+-----------+------+--------------+-------------------------------+-----------------+--------------+
Note: For table entries with two numbers listed, the numbers in parentheses indicate the number of resources of the given type used by the specific entity alone. The numbers listed outside of parentheses indicate the total resources of the given type used by the specific entity and all of its sub-entities in the hierarchy.


+------------------------------------------------------+
; General Register Statistics                          ;
+----------------------------------------------+-------+
; Statistic                                    ; Value ;
+----------------------------------------------+-------+
; Total registers                              ; 43    ;
; Number of registers using Synchronous Clear  ; 0     ;
; Number of registers using Synchronous Load   ; 0     ;
; Number of registers using Asynchronous Clear ; 39    ;
; Number of registers using Asynchronous Load  ; 0     ;
; Number of registers using Clock Enable       ; 40    ;
; Number of registers using Preset             ; 0     ;
+----------------------------------------------+-------+


+-------------------------------------------------------------------------------------------------------------------------------------------------------+
; Multiplexer Restructuring Statistics (Restructuring Performed)                                                                                        ;
+--------------------+-----------+---------------+----------------------+------------------------+------------+-----------------------------------------+
; Multiplexer Inputs ; Bus Width ; Baseline Area ; Area if Restructured ; Saving if Restructured ; Registered ; Example Multiplexer Output              ;
+--------------------+-----------+---------------+----------------------+------------------------+------------+-----------------------------------------+
; 3:1                ; 4 bits    ; 8 LEs         ; 4 LEs                ; 4 LEs                  ; Yes        ; |SAP1|program_counter:PC|cnt[3]         ;
; 7:1                ; 3 bits    ; 12 LEs        ; 9 LEs                ; 3 LEs                  ; No         ; |SAP1|bus_mux:multiplex_bar|main_bus[6] ;
; 7:1                ; 4 bits    ; 16 LEs        ; 16 LEs               ; 0 LEs                  ; No         ; |SAP1|bus_mux:multiplex_bar|main_bus[3] ;
+--------------------+-----------+---------------+----------------------+------------------------+------------+-----------------------------------------+


+----------------------------------------------------------------------+
; Parameter Settings for User Entity Instance: Top-level Entity: |SAP1 ;
+----------------+-------+---------------------------------------------+
; Parameter Name ; Value ; Type                                        ;
+----------------+-------+---------------------------------------------+
; DATA_WIDTH     ; 8     ; Signed Integer                              ;
+----------------+-------+---------------------------------------------+
Note: In order to hide this table in the UI and the text report file, please set the "Show Parameter Settings in Synthesis Report" option in "Analysis and Synthesis Settings -> More Settings" to "Off".


+--------------------------------------------------------------+
; Parameter Settings for User Entity Instance: registrador:mar ;
+----------------+-------+-------------------------------------+
; Parameter Name ; Value ; Type                                ;
+----------------+-------+-------------------------------------+
; data_width     ; 4     ; Signed Integer                      ;
+----------------+-------+-------------------------------------+
Note: In order to hide this table in the UI and the text report file, please set the "Show Parameter Settings in Synthesis Report" option in "Analysis and Synthesis Settings -> More Settings" to "Off".


+--------------------------------------------------------------+
; Parameter Settings for User Entity Instance: registrador:acc ;
+----------------+-------+-------------------------------------+
; Parameter Name ; Value ; Type                                ;
+----------------+-------+-------------------------------------+
; data_width     ; 8     ; Signed Integer                      ;
+----------------+-------+-------------------------------------+
Note: In order to hide this table in the UI and the text report file, please set the "Show Parameter Settings in Synthesis Report" option in "Analysis and Synthesis Settings -> More Settings" to "Off".


+----------------------------------------------------------------+
; Parameter Settings for User Entity Instance: registrador:reg_b ;
+----------------+-------+---------------------------------------+
; Parameter Name ; Value ; Type                                  ;
+----------------+-------+---------------------------------------+
; data_width     ; 8     ; Signed Integer                        ;
+----------------+-------+---------------------------------------+
Note: In order to hide this table in the UI and the text report file, please set the "Show Parameter Settings in Synthesis Report" option in "Analysis and Synthesis Settings -> More Settings" to "Off".


+------------------------------------------------------+
; Parameter Settings for User Entity Instance: alu:ula ;
+----------------+-------+-----------------------------+
; Parameter Name ; Value ; Type                        ;
+----------------+-------+-----------------------------+
; DATA_WIDTH     ; 8     ; Signed Integer              ;
+----------------+-------+-----------------------------+
Note: In order to hide this table in the UI and the text report file, please set the "Show Parameter Settings in Synthesis Report" option in "Analysis and Synthesis Settings -> More Settings" to "Off".


+-----------------------------------------------------------------+
; Parameter Settings for User Entity Instance: program_counter:PC ;
+----------------+-------+----------------------------------------+
; Parameter Name ; Value ; Type                                   ;
+----------------+-------+----------------------------------------+
; DATA_WIDTH     ; 8     ; Signed Integer                         ;
; MIN_COUNT      ; 0     ; Signed Integer                         ;
; MAX_COUNT      ; 15    ; Signed Integer                         ;
+----------------+-------+----------------------------------------+
Note: In order to hide this table in the UI and the text report file, please set the "Show Parameter Settings in Synthesis Report" option in "Analysis and Synthesis Settings -> More Settings" to "Off".


+-------------------------------------------------------------+
; Parameter Settings for User Entity Instance: memoria:memory ;
+----------------+-------+------------------------------------+
; Parameter Name ; Value ; Type                               ;
+----------------+-------+------------------------------------+
; data_width     ; 8     ; Signed Integer                     ;
; addr_width     ; 4     ; Signed Integer                     ;
+----------------+-------+------------------------------------+
Note: In order to hide this table in the UI and the text report file, please set the "Show Parameter Settings in Synthesis Report" option in "Analysis and Synthesis Settings -> More Settings" to "Off".


+--------------------------------------------------------------+
; Parameter Settings for User Entity Instance: control_unit:cu ;
+----------------+-------+-------------------------------------+
; Parameter Name ; Value ; Type                                ;
+----------------+-------+-------------------------------------+
; MIN_COUNT      ; 0     ; Signed Integer                      ;
; MAX_COUNT      ; 5     ; Signed Integer                      ;
+----------------+-------+-------------------------------------+
Note: In order to hide this table in the UI and the text report file, please set the "Show Parameter Settings in Synthesis Report" option in "Analysis and Synthesis Settings -> More Settings" to "Off".


+-------------------------------------------------------------+
; Parameter Settings for User Entity Instance: registrador:ir ;
+----------------+-------+------------------------------------+
; Parameter Name ; Value ; Type                               ;
+----------------+-------+------------------------------------+
; data_width     ; 8     ; Signed Integer                     ;
+----------------+-------+------------------------------------+
Note: In order to hide this table in the UI and the text report file, please set the "Show Parameter Settings in Synthesis Report" option in "Analysis and Synthesis Settings -> More Settings" to "Off".


+----------------------------------------------------------------------+
; Parameter Settings for User Entity Instance: output_register:out_reg ;
+----------------+-------+---------------------------------------------+
; Parameter Name ; Value ; Type                                        ;
+----------------+-------+---------------------------------------------+
; DATA_WIDTH     ; 8     ; Signed Integer                              ;
+----------------+-------+---------------------------------------------+
Note: In order to hide this table in the UI and the text report file, please set the "Show Parameter Settings in Synthesis Report" option in "Analysis and Synthesis Settings -> More Settings" to "Off".


+--------------------------------------------------------------------+
; Parameter Settings for User Entity Instance: bus_mux:multiplex_bar ;
+----------------+-------+-------------------------------------------+
; Parameter Name ; Value ; Type                                      ;
+----------------+-------+-------------------------------------------+
; DATA_WIDTH     ; 8     ; Signed Integer                            ;
+----------------+-------+-------------------------------------------+
Note: In order to hide this table in the UI and the text report file, please set the "Show Parameter Settings in Synthesis Report" option in "Analysis and Synthesis Settings -> More Settings" to "Off".


+-----------------------------------------------------+
; Post-Synthesis Netlist Statistics for Top Partition ;
+-----------------------+-----------------------------+
; Type                  ; Count                       ;
+-----------------------+-----------------------------+
; boundary_port         ; 18                          ;
; cycloneiii_ff         ; 43                          ;
;     CLR               ; 3                           ;
;     ENA               ; 4                           ;
;     ENA CLR           ; 36                          ;
; cycloneiii_lcell_comb ; 116                         ;
;     arith             ; 14                          ;
;         3 data inputs ; 14                          ;
;     normal            ; 102                         ;
;         0 data inputs ; 1                           ;
;         1 data inputs ; 13                          ;
;         2 data inputs ; 8                           ;
;         3 data inputs ; 19                          ;
;         4 data inputs ; 61                          ;
;                       ;                             ;
; Max LUT depth         ; 6.00                        ;
; Average LUT depth     ; 3.55                        ;
+-----------------------+-----------------------------+


+-------------------------------+
; Elapsed Time Per Partition    ;
+----------------+--------------+
; Partition Name ; Elapsed Time ;
+----------------+--------------+
; Top            ; 00:00:06     ;
+----------------+--------------+


+-------------------------------+
; Analysis & Synthesis Messages ;
+-------------------------------+
Info: *******************************************************************
Info: Running Quartus Prime Analysis & Synthesis
    Info: Version 20.1.0 Build 711 06/05/2020 SJ Lite Edition
    Info: Processing started: Tue Apr 13 22:51:55 2021
Info: Command: quartus_map --read_settings_files=on --write_settings_files=off SAP1 -c SAP1
Warning (18236): Number of processors has not been specified which may cause overloading on shared machines.  Set the global assignment NUM_PARALLEL_PROCESSORS in your QSF to an appropriate value for best performance.
Info (20030): Parallel compilation is enabled and will use 2 of the 2 processors detected
Info (12021): Found 2 design units, including 1 entities, in source file rtl/signed_adder.vhd
    Info (12022): Found design unit 1: signed_adder-rtl File: C:/Users/William_/Desktop/Projetos FPGA/SAP1/rtl/signed_adder.vhd Line: 24
    Info (12023): Found entity 1: signed_adder File: C:/Users/William_/Desktop/Projetos FPGA/SAP1/rtl/signed_adder.vhd Line: 8
Info (12021): Found 2 design units, including 1 entities, in source file framework_mercurioiv.vhd
    Info (12022): Found design unit 1: Framework_MercurioIV-behavior File: C:/Users/William_/Desktop/Projetos FPGA/SAP1/Framework_MercurioIV.vhd Line: 56
    Info (12023): Found entity 1: Framework_MercurioIV File: C:/Users/William_/Desktop/Projetos FPGA/SAP1/Framework_MercurioIV.vhd Line: 18
Info (12021): Found 1 design units, including 1 entities, in source file rtl/reset_sync.bdf
    Info (12023): Found entity 1: reset_sync
Info (12021): Found 2 design units, including 1 entities, in source file rtl/sap1.vhd
    Info (12022): Found design unit 1: SAP1-rtl File: C:/Users/William_/Desktop/Projetos FPGA/SAP1/rtl/SAP1.vhd Line: 25
    Info (12023): Found entity 1: SAP1 File: C:/Users/William_/Desktop/Projetos FPGA/SAP1/rtl/SAP1.vhd Line: 8
Info (12021): Found 2 design units, including 1 entities, in source file rtl/registrador.vhd
    Info (12022): Found design unit 1: registrador-rtl File: C:/Users/William_/Desktop/Projetos FPGA/SAP1/rtl/registrador.vhd Line: 28
    Info (12023): Found entity 1: registrador File: C:/Users/William_/Desktop/Projetos FPGA/SAP1/rtl/registrador.vhd Line: 9
Info (12021): Found 2 design units, including 1 entities, in source file rtl/alu.vhd
    Info (12022): Found design unit 1: alu-rtl File: C:/Users/William_/Desktop/Projetos FPGA/SAP1/rtl/alu.vhd Line: 26
    Info (12023): Found entity 1: alu File: C:/Users/William_/Desktop/Projetos FPGA/SAP1/rtl/alu.vhd Line: 8
Info (12021): Found 2 design units, including 1 entities, in source file rtl/program_counter.vhd
    Info (12022): Found design unit 1: program_counter-rtl File: C:/Users/William_/Desktop/Projetos FPGA/SAP1/rtl/program_counter.vhd Line: 27
    Info (12023): Found entity 1: program_counter File: C:/Users/William_/Desktop/Projetos FPGA/SAP1/rtl/program_counter.vhd Line: 8
Info (12021): Found 2 design units, including 1 entities, in source file rtl/memoria.vhd
    Info (12022): Found design unit 1: memoria-rtl File: C:/Users/William_/Desktop/Projetos FPGA/SAP1/rtl/memoria.vhd Line: 25
    Info (12023): Found entity 1: memoria File: C:/Users/William_/Desktop/Projetos FPGA/SAP1/rtl/memoria.vhd Line: 8
Info (12021): Found 2 design units, including 1 entities, in source file rtl/control_unit.vhd
    Info (12022): Found design unit 1: control_unit-rtl File: C:/Users/William_/Desktop/Projetos FPGA/SAP1/rtl/control_unit.vhd Line: 26
    Info (12023): Found entity 1: control_unit File: C:/Users/William_/Desktop/Projetos FPGA/SAP1/rtl/control_unit.vhd Line: 8
Info (12021): Found 2 design units, including 1 entities, in source file rtl/output_register.vhd
    Info (12022): Found design unit 1: output_register-rtl File: C:/Users/William_/Desktop/Projetos FPGA/SAP1/rtl/output_register.vhd Line: 29
    Info (12023): Found entity 1: output_register File: C:/Users/William_/Desktop/Projetos FPGA/SAP1/rtl/output_register.vhd Line: 9
Info (12021): Found 2 design units, including 1 entities, in source file rtl/bus_mux.vhd
    Info (12022): Found design unit 1: bus_mux-rtl File: C:/Users/William_/Desktop/Projetos FPGA/SAP1/rtl/bus_mux.vhd Line: 30
    Info (12023): Found entity 1: bus_mux File: C:/Users/William_/Desktop/Projetos FPGA/SAP1/rtl/bus_mux.vhd Line: 8
Info (12127): Elaborating entity "SAP1" for the top level hierarchy
Info (12128): Elaborating entity "registrador" for hierarchy "registrador:mar" File: C:/Users/William_/Desktop/Projetos FPGA/SAP1/rtl/SAP1.vhd Line: 181
Info (12128): Elaborating entity "registrador" for hierarchy "registrador:acc" File: C:/Users/William_/Desktop/Projetos FPGA/SAP1/rtl/SAP1.vhd Line: 198
Info (12128): Elaborating entity "alu" for hierarchy "alu:ula" File: C:/Users/William_/Desktop/Projetos FPGA/SAP1/rtl/SAP1.vhd Line: 232
Info (12128): Elaborating entity "program_counter" for hierarchy "program_counter:PC" File: C:/Users/William_/Desktop/Projetos FPGA/SAP1/rtl/SAP1.vhd Line: 248
Info (12128): Elaborating entity "memoria" for hierarchy "memoria:memory" File: C:/Users/William_/Desktop/Projetos FPGA/SAP1/rtl/SAP1.vhd Line: 264
Info (12128): Elaborating entity "control_unit" for hierarchy "control_unit:cu" File: C:/Users/William_/Desktop/Projetos FPGA/SAP1/rtl/SAP1.vhd Line: 279
Info (12128): Elaborating entity "output_register" for hierarchy "output_register:out_reg" File: C:/Users/William_/Desktop/Projetos FPGA/SAP1/rtl/SAP1.vhd Line: 310
Info (12128): Elaborating entity "bus_mux" for hierarchy "bus_mux:multiplex_bar" File: C:/Users/William_/Desktop/Projetos FPGA/SAP1/rtl/SAP1.vhd Line: 328
Warning (13024): Output pins are stuck at VCC or GND
    Warning (13410): Pin "DISP0[7]" is stuck at GND File: C:/Users/William_/Desktop/Projetos FPGA/SAP1/rtl/SAP1.vhd Line: 19
    Warning (13410): Pin "DISP1[7]" is stuck at GND File: C:/Users/William_/Desktop/Projetos FPGA/SAP1/rtl/SAP1.vhd Line: 20
Info (286030): Timing-Driven Synthesis is running
Info (16010): Generating hard_block partition "hard_block:auto_generated_inst"
    Info (16011): Adding 0 node(s), including 0 DDIO, 0 PLL, 0 transceiver and 0 LCELL
Info (21057): Implemented 157 device resources after synthesis - the final resource count might be different
    Info (21058): Implemented 2 input pins
    Info (21059): Implemented 16 output pins
    Info (21061): Implemented 139 logic cells
Info: Quartus Prime Analysis & Synthesis was successful. 0 errors, 4 warnings
    Info: Peak virtual memory: 4780 megabytes
    Info: Processing ended: Tue Apr 13 22:53:11 2021
    Info: Elapsed time: 00:01:16
    Info: Total CPU time (on all processors): 00:01:07


