Flow report for SAP1
Tue Apr 13 22:56:04 2021
Quartus Prime Version 20.1.0 Build 711 06/05/2020 SJ Lite Edition


---------------------
; Table of Contents ;
---------------------
  1. Legal Notice
  2. Flow Summary
  3. Flow Settings
  4. Flow Non-Default Global Settings
  5. Flow Elapsed Time
  6. Flow OS Summary
  7. Flow Log
  8. Flow Messages
  9. Flow Suppressed Messages



----------------
; Legal Notice ;
----------------
Copyright (C) 2020  Intel Corporation. All rights reserved.
Your use of Intel Corporation's design tools, logic functions 
and other software and tools, and any partner logic 
functions, and any output files from any of the foregoing 
(including device programming or simulation files), and any 
associated documentation or information are expressly subject 
to the terms and conditions of the Intel Program License 
Subscription Agreement, the Intel Quartus Prime License Agreement,
the Intel FPGA IP License Agreement, or other applicable license
agreement, including, without limitation, that your use is for
the sole purpose of programming logic devices manufactured by
Intel and sold by Intel or its authorized distributors.  Please
refer to the applicable agreement for further details, at
https://fpgasoftware.intel.com/eula.



+----------------------------------------------------------------------------------+
; Flow Summary                                                                     ;
+------------------------------------+---------------------------------------------+
; Flow Status                        ; Successful - Tue Apr 13 22:56:04 2021       ;
; Quartus Prime Version              ; 20.1.0 Build 711 06/05/2020 SJ Lite Edition ;
; Revision Name                      ; SAP1                                        ;
; Top-level Entity Name              ; SAP1                                        ;
; Family                             ; Cyclone IV E                                ;
; Device                             ; EP4CE30F23C7                                ;
; Timing Models                      ; Final                                       ;
; Total logic elements               ; 107 / 28,848 ( < 1 % )                      ;
;     Total combinational functions  ; 103 / 28,848 ( < 1 % )                      ;
;     Dedicated logic registers      ; 43 / 28,848 ( < 1 % )                       ;
; Total registers                    ; 43                                          ;
; Total pins                         ; 18 / 329 ( 5 % )                            ;
; Total virtual pins                 ; 0                                           ;
; Total memory bits                  ; 0 / 608,256 ( 0 % )                         ;
; Embedded Multiplier 9-bit elements ; 0 / 132 ( 0 % )                             ;
; Total PLLs                         ; 0 / 4 ( 0 % )                               ;
+------------------------------------+---------------------------------------------+


+-----------------------------------------+
; Flow Settings                           ;
+-------------------+---------------------+
; Option            ; Setting             ;
+-------------------+---------------------+
; Start date & time ; 04/13/2021 22:52:01 ;
; Main task         ; Compilation         ;
; Revision Name     ; SAP1                ;
+-------------------+---------------------+


+-------------------------------------------------------------------------------------------------------------------------+
; Flow Non-Default Global Settings                                                                                        ;
+-------------------------------------+----------------------------------------+---------------+-------------+------------+
; Assignment Name                     ; Value                                  ; Default Value ; Entity Name ; Section Id ;
+-------------------------------------+----------------------------------------+---------------+-------------+------------+
; COMPILER_SIGNATURE_ID               ; 220777303721654.161836511913012        ; --            ; --          ; --         ;
; MAX_CORE_JUNCTION_TEMP              ; 85                                     ; --            ; --          ; --         ;
; MIN_CORE_JUNCTION_TEMP              ; 0                                      ; --            ; --          ; --         ;
; NOMINAL_CORE_SUPPLY_VOLTAGE         ; 1.2V                                   ; --            ; --          ; --         ;
; PARTITION_COLOR                     ; -- (Not supported for targeted family) ; --            ; --          ; Top        ;
; PARTITION_FITTER_PRESERVATION_LEVEL ; -- (Not supported for targeted family) ; --            ; --          ; Top        ;
; PARTITION_NETLIST_TYPE              ; -- (Not supported for targeted family) ; --            ; --          ; Top        ;
; POWER_BOARD_THERMAL_MODEL           ; None (CONSERVATIVE)                    ; --            ; --          ; --         ;
; POWER_PRESET_COOLING_SOLUTION       ; 23 MM HEAT SINK WITH 200 LFPM AIRFLOW  ; --            ; --          ; --         ;
; PROJECT_OUTPUT_DIRECTORY            ; output_files                           ; --            ; --          ; --         ;
; VHDL_INPUT_VERSION                  ; VHDL_2008                              ; VHDL_1993     ; --          ; --         ;
; VHDL_SHOW_LMF_MAPPING_MESSAGES      ; Off                                    ; --            ; --          ; --         ;
+-------------------------------------+----------------------------------------+---------------+-------------+------------+


+--------------------------------------------------------------------------------------------------------------------------+
; Flow Elapsed Time                                                                                                        ;
+----------------------+--------------+-------------------------+---------------------+------------------------------------+
; Module Name          ; Elapsed Time ; Average Processors Used ; Peak Virtual Memory ; Total CPU Time (on all processors) ;
+----------------------+--------------+-------------------------+---------------------+------------------------------------+
; Analysis & Synthesis ; 00:01:13     ; 1.0                     ; 4780 MB             ; 00:01:06                           ;
; Fitter               ; 00:00:52     ; 1.0                     ; 5279 MB             ; 00:00:31                           ;
; Assembler            ; 00:00:10     ; 1.0                     ; 4685 MB             ; 00:00:05                           ;
; Timing Analyzer      ; 00:00:15     ; 1.0                     ; 4759 MB             ; 00:00:09                           ;
; EDA Netlist Writer   ; 00:00:05     ; 1.0                     ; 4632 MB             ; 00:00:04                           ;
; EDA Netlist Writer   ; 00:00:06     ; 1.0                     ; 4640 MB             ; 00:00:05                           ;
; Total                ; 00:02:41     ; --                      ; --                  ; 00:02:00                           ;
+----------------------+--------------+-------------------------+---------------------+------------------------------------+


+------------------------------------------------------------------------------------+
; Flow OS Summary                                                                    ;
+----------------------+------------------+------------+------------+----------------+
; Module Name          ; Machine Hostname ; OS Name    ; OS Version ; Processor type ;
+----------------------+------------------+------------+------------+----------------+
; Analysis & Synthesis ; William          ; Windows 10 ; 10.0       ; x86_64         ;
; Fitter               ; William          ; Windows 10 ; 10.0       ; x86_64         ;
; Assembler            ; William          ; Windows 10 ; 10.0       ; x86_64         ;
; Timing Analyzer      ; William          ; Windows 10 ; 10.0       ; x86_64         ;
; EDA Netlist Writer   ; William          ; Windows 10 ; 10.0       ; x86_64         ;
; EDA Netlist Writer   ; William          ; Windows 10 ; 10.0       ; x86_64         ;
+----------------------+------------------+------------+------------+----------------+


------------
; Flow Log ;
------------
quartus_map --read_settings_files=on --write_settings_files=off SAP1 -c SAP1
quartus_fit --read_settings_files=off --write_settings_files=off SAP1 -c SAP1
quartus_asm --read_settings_files=off --write_settings_files=off SAP1 -c SAP1
quartus_sta SAP1 -c SAP1
quartus_eda --gen_testbench --tool=modelsim_oem --format=vhdl --write_settings_files=off SAP1 -c SAP1 --vector_source="C:/Users/William_/Desktop/Projetos FPGA/SAP1/Waveform2.vwf" --testbench_file="C:/Users/William_/Desktop/Projetos FPGA/SAP1/simulation/qsim/Waveform2.vwf.vht"
quartus_eda --write_settings_files=off --simulation=on --functional=on --flatten_buses=off --tool=modelsim_oem --format=vhdl --output_directory="C:/Users/William_/Desktop/Projetos FPGA/SAP1/simulation/qsim/" SAP1 -c SAP1



